2026-03-02 07:54:08 [INFO   ] trailops.orchestrator: Orchestrator: route selected — Goat Rocks - Snowgrass Flat (Hard, South Cascades)
2026-03-02 07:54:08 [DEBUG  ] trailops.orchestrator: Route selected: Goat Rocks - Snowgrass Flat  ·  Hard, South Cascades
2026-03-02 07:54:08 [DEBUG  ] trailops.orchestrator: Fetching live weather, air quality, fire & water data…
2026-03-02 07:54:08 [INFO   ] trailops.agents.intelligence_agent: Intelligence: starting live tool use loop for Goat Rocks - Snowgrass Flat (2024-08-15 to 2024-08-17)
2026-03-02 07:54:08 [INFO   ] trailops.agents.day_planner: Day Planner: building 3-day itinerary for Goat Rocks - Snowgrass Flat
2026-03-02 07:54:13 [DEBUG  ] trailops.agents.intelligence_agent: Intelligence: tools called: ['get_weather', 'get_air_quality', 'get_fire_data', 'get_streamflow']
2026-03-02 07:54:13 [INFO   ] trailops.tools.nws: NWS: fetching live weather for (46.446, -121.528) 2024-08-15 to 2024-08-17
2026-03-02 07:54:13 [DEBUG  ] trailops.tools.base: GET https://api.weather.gov/points/46.446,-121.528
2026-03-02 07:54:13 [INFO   ] trailops.tools.airnow: AirNow: fetching live AQI for (46.446, -121.528) 2024-08-15 to 2024-08-17
2026-03-02 07:54:13 [INFO   ] trailops.tools.nifc: NIFC: fetching live fire perimeters for bbox (46.42,-121.58) to (46.52,-121.46)
2026-03-02 07:54:13 [DEBUG  ] trailops.tools.base: GET https://services3.arcgis.com/T4QMspbfLg3qTGWY/arcgis/rest/services/Current_WildlandFire_Perimeters/FeatureServer/0/query
2026-03-02 07:54:13 [INFO   ] trailops.tools.usgs: USGS: fetching live streamflow for 1 crossing(s)
2026-03-02 07:54:13 [DEBUG  ] trailops.tools.base: GET https://api.waterdata.usgs.gov/ogcapi/v0/collections/monitoring-locations/items?bbox=-122.0341,45.9512,-121.0341,46.9512&f=json&limit=10
2026-03-02 07:54:13 [WARNING] trailops.tools.airnow: AirNow unavailable — falling back to mock data. Error: AIRNOW_API_KEY not set
2026-03-02 07:54:13 [DEBUG  ] trailops.tools.base: GET https://api.weather.gov/gridpoints/SEW/139,9/forecast
2026-03-02 07:54:13 [WARNING] trailops.tools.usgs: USGS unavailable — falling back to mock data. Error: 'monitoringLocationNumber'
2026-03-02 07:54:14 [DEBUG  ] trailops.tools.base: GET https://api.weather.gov/alerts/active?area=WA
2026-03-02 07:54:22 [INFO   ] trailops.agents.intelligence_agent: Intelligence: conditions synthesized successfully
2026-03-02 07:54:23 [INFO   ] trailops.agents.day_planner: Day Planner: complete — 3 days planned
2026-03-02 07:54:23 [DEBUG  ] trailops.orchestrator: Conditions checked, day-by-day itinerary built
2026-03-02 07:54:23 [DEBUG  ] trailops.agents.assessment_agent: Generating gear recommendations…
2026-03-02 07:54:23 [INFO   ] trailops.agents.assessment.gear: Gear: generating conditions-aware gear list
2026-03-02 07:54:29 [INFO   ] trailops.agents.assessment.gear: Gear: complete — 5 items
2026-03-02 07:54:29 [INFO   ] trailops.risk_scorer: Risk Scorer: LOW (dominant: None, replanning: False)
2026-03-02 07:54:29 [DEBUG  ] trailops.agents.assessment_agent: Risk assessed: LOW  ·  main concern: none
2026-03-02 07:54:29 [DEBUG  ] trailops.orchestrator: Polishing the trip brief…
2026-03-02 07:54:29 [INFO   ] trailops.agents.brief_reviewer: Brief Reviewer: cleaning prose fields
2026-03-02 07:59:59 [WARNING] trailops.orchestrator: Orchestrator: 'Mailbox Peak' not in database — generating ad-hoc route data
2026-03-02 08:00:11 [INFO   ] trailops.orchestrator: Orchestrator: route selected — Mailbox Peak Trail (Hard, Central Cascades)
2026-03-02 08:00:11 [DEBUG  ] trailops.orchestrator: Route selected: Mailbox Peak Trail  ·  Hard, Central Cascades
2026-03-02 08:00:11 [DEBUG  ] trailops.orchestrator: Fetching live weather, air quality, fire & water data…
2026-03-02 08:00:11 [INFO   ] trailops.agents.intelligence_agent: Intelligence: starting live tool use loop for Mailbox Peak Trail (2025-04-13 to 2025-04-13)
2026-03-02 08:00:11 [INFO   ] trailops.agents.day_planner: Day Planner: building 1-day itinerary for Mailbox Peak Trail
2026-03-02 08:00:16 [DEBUG  ] trailops.agents.intelligence_agent: Intelligence: tools called: ['get_weather', 'get_air_quality', 'get_fire_data', 'get_streamflow']
2026-03-02 08:00:16 [INFO   ] trailops.tools.nws: NWS: fetching live weather for (47.5063, -121.7164) 2025-04-13 to 2025-04-13
2026-03-02 08:00:16 [DEBUG  ] trailops.tools.base: GET https://api.weather.gov/points/47.5063,-121.7164
2026-03-02 08:00:16 [INFO   ] trailops.tools.airnow: AirNow: fetching live AQI for (47.5063, -121.7164) 2025-04-13 to 2025-04-13
2026-03-02 08:00:16 [WARNING] trailops.tools.airnow: AirNow unavailable — falling back to mock data. Error: AIRNOW_API_KEY not set
2026-03-02 08:00:16 [INFO   ] trailops.tools.nifc: NIFC: fetching live fire perimeters for bbox (47.5063,-121.7164) to (47.534,-121.689)
2026-03-02 08:00:16 [DEBUG  ] trailops.tools.base: GET https://services3.arcgis.com/T4QMspbfLg3qTGWY/arcgis/rest/services/Current_WildlandFire_Perimeters/FeatureServer/0/query
2026-03-02 08:00:16 [INFO   ] trailops.tools.usgs: USGS: fetching live streamflow for 1 crossing(s)
2026-03-02 08:00:16 [DEBUG  ] trailops.tools.base: GET https://api.waterdata.usgs.gov/ogcapi/v0/collections/monitoring-locations/items?bbox=-122.21,47.012,-121.21,48.012&f=json&limit=10
2026-03-02 08:00:17 [WARNING] trailops.tools.usgs: USGS unavailable — falling back to mock data. Error: 'monitoringLocationNumber'
2026-03-02 08:00:26 [WARNING] trailops.tools.base: API attempt 1/3 failed (HTTPSConnectionPool(host='api.weather.gov', port=443): Read timed out. (read timeout=10)) — retrying in 1s
2026-03-02 08:00:28 [DEBUG  ] trailops.tools.base: GET https://api.weather.gov/gridpoints/SEW/143,59/forecast
2026-03-02 08:00:29 [INFO   ] trailops.agents.day_planner: Day Planner: complete — 1 days planned
2026-03-02 08:00:37 [DEBUG  ] trailops.tools.base: GET https://api.weather.gov/alerts/active?area=WA
2026-03-02 08:00:47 [INFO   ] trailops.agents.intelligence_agent: Intelligence: conditions synthesized successfully
2026-03-02 08:00:47 [DEBUG  ] trailops.orchestrator: Conditions checked, day-by-day itinerary built
2026-03-02 08:00:47 [DEBUG  ] trailops.agents.assessment_agent: Generating gear recommendations…
2026-03-02 08:00:47 [INFO   ] trailops.agents.assessment.gear: Gear: generating conditions-aware gear list
2026-03-02 08:00:52 [INFO   ] trailops.agents.assessment.gear: Gear: complete — 5 items
2026-03-02 08:00:52 [INFO   ] trailops.risk_scorer: Risk Scorer: LOW (dominant: None, replanning: False)
2026-03-02 08:00:52 [DEBUG  ] trailops.agents.assessment_agent: Risk assessed: LOW  ·  main concern: none
2026-03-02 08:00:52 [DEBUG  ] trailops.orchestrator: Polishing the trip brief…
2026-03-02 08:00:52 [INFO   ] trailops.agents.brief_reviewer: Brief Reviewer: cleaning prose fields
2026-03-02 08:11:08 [INFO   ] trailops.orchestrator: Orchestrator: route selected — Enchantments Traverse (Epic, Central Cascades)
2026-03-02 08:11:08 [DEBUG  ] trailops.orchestrator: Route selected: Enchantments Traverse  ·  Epic, Central Cascades
2026-03-02 08:11:08 [DEBUG  ] trailops.orchestrator: Fetching live weather, air quality, fire & water data…
2026-03-02 08:11:08 [INFO   ] trailops.agents.intelligence_agent: Intelligence: starting live tool use loop for Enchantments Traverse (2025-07-04 to 2025-07-06)
2026-03-02 08:11:08 [INFO   ] trailops.agents.day_planner: Day Planner: building 3-day itinerary for Enchantments Traverse
2026-03-02 08:11:12 [DEBUG  ] trailops.agents.intelligence_agent: Intelligence: tools called: ['get_weather', 'get_air_quality', 'get_fire_data', 'get_streamflow']
2026-03-02 08:11:12 [INFO   ] trailops.tools.nws: NWS: fetching live weather for (47.5412, -120.81) 2025-07-04 to 2025-07-06
2026-03-02 08:11:12 [DEBUG  ] trailops.tools.base: GET https://api.weather.gov/points/47.5412,-120.81
2026-03-02 08:11:12 [INFO   ] trailops.tools.airnow: AirNow: fetching live AQI for (47.5412, -120.81) 2025-07-04 to 2025-07-06
2026-03-02 08:11:12 [INFO   ] trailops.tools.nifc: NIFC: fetching live fire perimeters for bbox (47.51,-120.84) to (47.56,-120.76)
2026-03-02 08:11:12 [WARNING] trailops.tools.airnow: AirNow unavailable — falling back to mock data. Error: AIRNOW_API_KEY not set
2026-03-02 08:11:12 [DEBUG  ] trailops.tools.base: GET https://services3.arcgis.com/T4QMspbfLg3qTGWY/arcgis/rest/services/Current_WildlandFire_Perimeters/FeatureServer/0/query
2026-03-02 08:11:12 [INFO   ] trailops.tools.usgs: USGS: fetching live streamflow for 1 crossing(s)
2026-03-02 08:11:12 [DEBUG  ] trailops.tools.base: GET https://api.waterdata.usgs.gov/ogcapi/v0/collections/monitoring-locations/items?bbox=-121.3089,47.0421,-120.3089,48.0421&f=json&limit=10
2026-03-02 08:11:13 [DEBUG  ] trailops.tools.base: GET https://api.weather.gov/gridpoints/OTX/32,104/forecast
2026-03-02 08:11:13 [WARNING] trailops.tools.usgs: USGS unavailable — falling back to mock data. Error: 'monitoringLocationNumber'
2026-03-02 08:11:14 [DEBUG  ] trailops.tools.base: GET https://api.weather.gov/alerts/active?area=WA
2026-03-02 08:11:20 [INFO   ] trailops.agents.intelligence_agent: Intelligence: conditions synthesized successfully
2026-03-02 08:11:27 [INFO   ] trailops.agents.day_planner: Day Planner: complete — 3 days planned
2026-03-02 08:11:27 [DEBUG  ] trailops.orchestrator: Conditions checked, day-by-day itinerary built
2026-03-02 08:11:27 [DEBUG  ] trailops.agents.assessment_agent: Generating gear recommendations…
2026-03-02 08:11:27 [INFO   ] trailops.agents.assessment.gear: Gear: generating conditions-aware gear list
2026-03-02 08:11:34 [INFO   ] trailops.agents.assessment.gear: Gear: complete — 9 items
2026-03-02 08:11:34 [INFO   ] trailops.risk_scorer: Risk Scorer: LOW (dominant: None, replanning: False)
2026-03-02 08:11:34 [DEBUG  ] trailops.agents.assessment_agent: Risk assessed: LOW  ·  main concern: none
2026-03-02 08:11:34 [DEBUG  ] trailops.orchestrator: Polishing the trip brief…
2026-03-02 08:11:34 [INFO   ] trailops.agents.brief_reviewer: Brief Reviewer: cleaning prose fields
2026-03-02 08:20:10 [INFO   ] trailops.orchestrator: Orchestrator: route selected — Goat Rocks - Snowgrass Flat (Hard, South Cascades)
2026-03-02 08:20:10 [DEBUG  ] trailops.orchestrator: Route selected: Goat Rocks - Snowgrass Flat  ·  Hard, South Cascades
2026-03-02 08:20:10 [DEBUG  ] trailops.orchestrator: Fetching live weather, air quality, fire & water data…
2026-03-02 08:20:10 [INFO   ] trailops.agents.intelligence_agent: Intelligence: starting live tool use loop for Goat Rocks - Snowgrass Flat (2025-07-15 to 2025-07-17)
2026-03-02 08:20:10 [INFO   ] trailops.agents.day_planner: Day Planner: building 3-day itinerary for Goat Rocks - Snowgrass Flat
2026-03-02 08:20:15 [DEBUG  ] trailops.agents.intelligence_agent: Intelligence: tools called: ['get_weather', 'get_air_quality', 'get_fire_data', 'get_streamflow']
2026-03-02 08:20:15 [INFO   ] trailops.tools.nws: NWS: fetching live weather for (46.446, -121.528) 2025-07-15 to 2025-07-17
2026-03-02 08:20:15 [DEBUG  ] trailops.tools.base: GET https://api.weather.gov/points/46.446,-121.528
2026-03-02 08:20:15 [INFO   ] trailops.tools.airnow: AirNow: fetching live AQI for (46.446, -121.528) 2025-07-15 to 2025-07-17
2026-03-02 08:20:15 [WARNING] trailops.tools.airnow: AirNow unavailable — falling back to mock data. Error: AIRNOW_API_KEY not set
2026-03-02 08:20:15 [INFO   ] trailops.tools.nifc: NIFC: fetching live fire perimeters for bbox (46.42,-121.58) to (46.52,-121.46)
2026-03-02 08:20:15 [DEBUG  ] trailops.tools.base: GET https://services3.arcgis.com/T4QMspbfLg3qTGWY/arcgis/rest/services/Current_WildlandFire_Perimeters/FeatureServer/0/query
2026-03-02 08:20:15 [INFO   ] trailops.tools.usgs: USGS: fetching live streamflow for 1 crossing(s)
2026-03-02 08:20:15 [DEBUG  ] trailops.tools.base: GET https://api.waterdata.usgs.gov/ogcapi/v0/collections/monitoring-locations/items?bbox=-122.0341,45.9512,-121.0341,46.9512&f=json&limit=10
2026-03-02 08:20:15 [WARNING] trailops.tools.usgs: USGS unavailable — falling back to mock data. Error: 'monitoringLocationNumber'
2026-03-02 08:20:15 [DEBUG  ] trailops.tools.base: GET https://api.weather.gov/gridpoints/SEW/139,9/forecast
2026-03-02 08:20:15 [DEBUG  ] trailops.tools.base: GET https://api.weather.gov/alerts/active?area=WA
2026-03-02 08:20:25 [INFO   ] trailops.agents.intelligence_agent: Intelligence: conditions synthesized successfully
2026-03-02 08:20:26 [INFO   ] trailops.agents.day_planner: Day Planner: complete — 3 days planned
2026-03-02 08:20:26 [DEBUG  ] trailops.orchestrator: Conditions checked, day-by-day itinerary built
2026-03-02 08:20:26 [DEBUG  ] trailops.agents.assessment_agent: Generating gear recommendations…
2026-03-02 08:20:26 [INFO   ] trailops.agents.assessment.gear: Gear: generating conditions-aware gear list
2026-03-02 08:20:31 [INFO   ] trailops.agents.assessment.gear: Gear: complete — 7 items
2026-03-02 08:20:31 [INFO   ] trailops.risk_scorer: Risk Scorer: LOW (dominant: None, replanning: False)
2026-03-02 08:20:31 [DEBUG  ] trailops.agents.assessment_agent: Risk assessed: LOW  ·  main concern: none
2026-03-02 08:20:31 [DEBUG  ] trailops.orchestrator: Polishing the trip brief…
2026-03-02 08:20:31 [INFO   ] trailops.agents.brief_reviewer: Brief Reviewer: cleaning prose fields
2026-03-02 09:49:04 [INFO   ] trailops.orchestrator: Orchestrator: route selected — Goat Rocks - Snowgrass Flat (Hard, South Cascades)
2026-03-02 09:49:04 [DEBUG  ] trailops.orchestrator: Route selected: Goat Rocks - Snowgrass Flat  ·  Hard, South Cascades
2026-03-02 09:49:04 [DEBUG  ] trailops.orchestrator: Fetching live weather, air quality, fire & water data…
2026-03-02 09:49:04 [INFO   ] trailops.agents.intelligence_agent: Intelligence: 124d until trip (>7d horizon) — using historical conditions
2026-03-02 09:49:04 [INFO   ] trailops.agents.day_planner: Day Planner: building 3-day itinerary for Goat Rocks - Snowgrass Flat
2026-03-02 09:49:20 [INFO   ] trailops.agents.day_planner: Day Planner: complete — 3 days planned
2026-03-02 09:49:20 [DEBUG  ] trailops.orchestrator: Conditions checked, day-by-day itinerary built
2026-03-02 09:49:20 [DEBUG  ] trailops.agents.assessment_agent: Generating gear recommendations…
2026-03-02 09:49:20 [INFO   ] trailops.agents.assessment.gear: Gear: generating conditions-aware gear list
2026-03-02 09:49:27 [INFO   ] trailops.agents.assessment.gear: Gear: complete — 8 items
2026-03-02 09:49:27 [INFO   ] trailops.risk_scorer: Risk Scorer: LOW (dominant: None, replanning: False)
2026-03-02 09:49:27 [DEBUG  ] trailops.agents.assessment_agent: Risk assessed: LOW  ·  main concern: none
2026-03-02 09:49:27 [DEBUG  ] trailops.orchestrator: Polishing the trip brief…
2026-03-02 09:49:27 [INFO   ] trailops.agents.brief_reviewer: Brief Reviewer: cleaning prose fields
2026-03-02 09:56:41 [INFO   ] trailops.orchestrator: Orchestrator: route selected — Goat Rocks - Snowgrass Flat (Hard, South Cascades)
2026-03-02 09:56:41 [DEBUG  ] trailops.orchestrator: Route selected: Goat Rocks - Snowgrass Flat  ·  Hard, South Cascades
2026-03-02 09:56:41 [DEBUG  ] trailops.orchestrator: Fetching live weather, air quality, fire & water data…
2026-03-02 09:56:41 [INFO   ] trailops.agents.intelligence_agent: Intelligence: 124d until trip (>7d horizon) — using historical conditions
2026-03-02 09:56:41 [INFO   ] trailops.agents.day_planner: Day Planner: building 3-day itinerary for Goat Rocks - Snowgrass Flat
2026-03-02 09:56:57 [INFO   ] trailops.agents.day_planner: Day Planner: complete — 3 days planned
2026-03-02 09:56:57 [DEBUG  ] trailops.orchestrator: Conditions checked, day-by-day itinerary built
2026-03-02 09:56:57 [DEBUG  ] trailops.agents.assessment_agent: Generating gear recommendations…
2026-03-02 09:56:57 [INFO   ] trailops.agents.assessment.gear: Gear: generating conditions-aware gear list
2026-03-02 09:57:02 [INFO   ] trailops.agents.assessment.gear: Gear: complete — 8 items
2026-03-02 09:57:02 [INFO   ] trailops.risk_scorer: Risk Scorer: LOW (dominant: None, replanning: False)
2026-03-02 09:57:02 [DEBUG  ] trailops.agents.assessment_agent: Risk assessed: LOW  ·  main concern: none
2026-03-02 09:57:02 [DEBUG  ] trailops.orchestrator: Polishing the trip brief…
2026-03-02 09:57:02 [INFO   ] trailops.agents.brief_reviewer: Brief Reviewer: cleaning prose fields
2026-03-02 15:04:07 [INFO   ] trailops.orchestrator: Orchestrator: route selected — Olympic High Divide (Hard, Olympics)
2026-03-02 15:04:07 [DEBUG  ] trailops.orchestrator: Route selected: Olympic High Divide  ·  Hard, Olympics
2026-03-02 15:04:07 [DEBUG  ] trailops.orchestrator: Fetching live weather, air quality, fire & water data…
2026-03-02 15:04:07 [INFO   ] trailops.agents.intelligence_agent: Intelligence: 113d until trip (>7d horizon) — using historical conditions
2026-03-02 15:04:07 [INFO   ] trailops.agents.day_planner: Day Planner: building 6-day itinerary for Olympic High Divide
2026-03-02 15:04:30 [INFO   ] trailops.agents.day_planner: Day Planner: complete — 6 days planned
2026-03-02 15:04:30 [DEBUG  ] trailops.orchestrator: Conditions checked, day-by-day itinerary built
2026-03-02 15:04:30 [DEBUG  ] trailops.agents.assessment_agent: Generating gear recommendations…
2026-03-02 15:04:30 [INFO   ] trailops.agents.assessment.gear: Gear: generating conditions-aware gear list
2026-03-02 15:08:52 [INFO   ] trailops.orchestrator: Orchestrator: route selected — Olympic High Divide (Hard, Olympics)
2026-03-02 15:08:52 [DEBUG  ] trailops.orchestrator: Route selected: Olympic High Divide  ·  Hard, Olympics
2026-03-02 15:08:52 [DEBUG  ] trailops.orchestrator: Fetching live weather, air quality, fire & water data…
2026-03-02 15:08:52 [INFO   ] trailops.agents.intelligence_agent: Intelligence: 125d until trip (>7d horizon) — using historical conditions
2026-03-02 15:08:52 [INFO   ] trailops.agents.day_planner: Day Planner: building 6-day itinerary for Olympic High Divide
2026-03-02 15:09:17 [INFO   ] trailops.agents.day_planner: Day Planner: complete — 6 days planned
2026-03-02 15:09:17 [DEBUG  ] trailops.orchestrator: Conditions checked, day-by-day itinerary built
2026-03-02 15:09:17 [DEBUG  ] trailops.agents.assessment_agent: Generating gear recommendations…
2026-03-02 15:09:17 [INFO   ] trailops.agents.assessment.gear: Gear: generating conditions-aware gear list
2026-03-02 15:09:24 [INFO   ] trailops.agents.assessment.gear: Gear: complete — 8 items
2026-03-02 15:09:24 [INFO   ] trailops.risk_scorer: Risk Scorer: LOW (dominant: None, replanning: False)
2026-03-02 15:09:24 [DEBUG  ] trailops.agents.assessment_agent: Risk assessed: LOW  ·  main concern: none
2026-03-02 15:09:24 [DEBUG  ] trailops.orchestrator: Polishing the trip brief…
2026-03-02 15:09:24 [INFO   ] trailops.agents.brief_reviewer: Brief Reviewer: cleaning prose fields
2026-03-02 15:16:28 [INFO   ] trailops.orchestrator: Orchestrator: route selected — Olympic High Divide (Hard, Olympics)
2026-03-02 15:16:28 [DEBUG  ] trailops.orchestrator: Route selected: Olympic High Divide  ·  Hard, Olympics
2026-03-02 15:16:28 [DEBUG  ] trailops.orchestrator: Fetching live weather, air quality, fire & water data…
2026-03-02 15:16:28 [INFO   ] trailops.agents.intelligence_agent: Intelligence: 135d until trip (>7d horizon) — using historical conditions
2026-03-02 15:16:28 [INFO   ] trailops.agents.day_planner: Day Planner: building 4-day itinerary for Olympic High Divide
2026-03-02 15:16:54 [INFO   ] trailops.agents.day_planner: Day Planner: complete — 4 days planned
2026-03-02 15:16:54 [DEBUG  ] trailops.orchestrator: Conditions checked, day-by-day itinerary built
2026-03-02 15:16:54 [DEBUG  ] trailops.agents.assessment_agent: Generating gear recommendations…
2026-03-02 15:16:54 [INFO   ] trailops.agents.assessment.gear: Gear: generating conditions-aware gear list
2026-03-02 15:16:59 [INFO   ] trailops.agents.assessment.gear: Gear: complete — 8 items
2026-03-02 15:16:59 [INFO   ] trailops.risk_scorer: Risk Scorer: LOW (dominant: None, replanning: False)
2026-03-02 15:16:59 [DEBUG  ] trailops.agents.assessment_agent: Risk assessed: LOW  ·  main concern: none
2026-03-02 15:16:59 [DEBUG  ] trailops.orchestrator: Polishing the trip brief…
2026-03-02 15:16:59 [INFO   ] trailops.agents.brief_reviewer: Brief Reviewer: cleaning prose fields
2026-03-02 17:23:40 [INFO   ] trailops.orchestrator: Orchestrator: route selected — Goat Rocks - Snowgrass Flat (Hard, South Cascades)
2026-03-02 17:23:40 [DEBUG  ] trailops.orchestrator: Route selected: Goat Rocks - Snowgrass Flat  ·  Hard, South Cascades
2026-03-02 17:23:40 [DEBUG  ] trailops.orchestrator: Fetching live weather, air quality, fire & water data…
2026-03-02 17:23:40 [INFO   ] trailops.agents.intelligence_agent: Intelligence: 124d until trip (>7d horizon) — using historical conditions
2026-03-02 17:23:40 [INFO   ] trailops.agents.day_planner: Day Planner: building 2-day itinerary for Goat Rocks - Snowgrass Flat
2026-03-02 17:23:58 [INFO   ] trailops.agents.day_planner: Day Planner: complete — 2 days planned
2026-03-02 17:23:58 [DEBUG  ] trailops.orchestrator: Conditions checked, day-by-day itinerary built
2026-03-02 17:23:58 [DEBUG  ] trailops.agents.assessment_agent: Generating gear recommendations…
2026-03-02 17:23:58 [INFO   ] trailops.agents.assessment.gear: Gear: generating conditions-aware gear list
2026-03-02 17:24:03 [INFO   ] trailops.agents.assessment.gear: Gear: complete — 7 items
2026-03-02 17:24:03 [INFO   ] trailops.risk_scorer: Risk Scorer: LOW (dominant: None, replanning: False)
2026-03-02 17:24:03 [DEBUG  ] trailops.agents.assessment_agent: Risk assessed: LOW  ·  main concern: none
2026-03-02 17:24:03 [DEBUG  ] trailops.orchestrator: Polishing the trip brief…
2026-03-02 17:24:03 [INFO   ] trailops.agents.brief_reviewer: Brief Reviewer: cleaning prose fields
2026-03-03 07:55:06 [INFO   ] trailops.orchestrator: Orchestrator: route selected — Wonderland Trail (Epic, Mt. Rainier)
2026-03-03 07:55:06 [DEBUG  ] trailops.orchestrator: Route selected: Wonderland Trail  ·  Epic, Mt. Rainier
2026-03-03 07:55:06 [DEBUG  ] trailops.orchestrator: Fetching live weather, air quality, fire & water data…
2026-03-03 07:55:06 [INFO   ] trailops.agents.intelligence_agent: Intelligence: 120d until trip (>7d horizon) — using historical conditions
2026-03-03 07:55:06 [INFO   ] trailops.agents.day_planner: Day Planner: building 6-day itinerary for Wonderland Trail
2026-03-03 07:58:49 [INFO   ] trailops.orchestrator: Orchestrator: route selected — Wonderland Trail (Epic, Mt. Rainier)
2026-03-03 07:58:49 [DEBUG  ] trailops.orchestrator: Route selected: Wonderland Trail  ·  Epic, Mt. Rainier
2026-03-03 07:58:49 [DEBUG  ] trailops.orchestrator: Fetching live weather, air quality, fire & water data…
2026-03-03 07:58:49 [INFO   ] trailops.agents.intelligence_agent: Intelligence: 120d until trip (>7d horizon) — using historical conditions
2026-03-03 07:58:49 [INFO   ] trailops.agents.day_planner: Day Planner: building 6-day itinerary for Wonderland Trail
2026-03-03 07:59:23 [INFO   ] trailops.agents.day_planner: Day Planner: complete — 6 days planned
2026-03-03 07:59:23 [DEBUG  ] trailops.orchestrator: Conditions checked, day-by-day itinerary built
2026-03-03 07:59:23 [DEBUG  ] trailops.agents.assessment_agent: Generating gear recommendations…
2026-03-03 07:59:23 [INFO   ] trailops.agents.assessment.gear: Gear: generating conditions-aware gear list
2026-03-03 07:59:31 [INFO   ] trailops.agents.assessment.gear: Gear: complete — 10 items
2026-03-03 07:59:31 [INFO   ] trailops.risk_scorer: Risk Scorer: LOW (dominant: None, replanning: False)
2026-03-03 07:59:31 [DEBUG  ] trailops.agents.assessment_agent: Risk assessed: LOW  ·  main concern: none
2026-03-03 07:59:31 [DEBUG  ] trailops.orchestrator: Polishing the trip brief…
2026-03-03 07:59:31 [INFO   ] trailops.agents.brief_reviewer: Brief Reviewer: cleaning prose fields
2026-03-03 09:19:32 [INFO   ] trailops.orchestrator: Orchestrator: route selected — Olympic High Divide (Hard, Olympics)
2026-03-03 09:19:32 [DEBUG  ] trailops.orchestrator: Route selected: Olympic High Divide  ·  Hard, Olympics
2026-03-03 09:19:32 [DEBUG  ] trailops.orchestrator: Fetching live weather, air quality, fire & water data…
2026-03-03 09:19:32 [INFO   ] trailops.agents.intelligence_agent: Intelligence: starting live tool use loop for Olympic High Divide (2026-03-03 to 2026-03-06)
2026-03-03 09:19:32 [INFO   ] trailops.agents.day_planner: Day Planner: building 4-day itinerary for Olympic High Divide
2026-03-03 09:19:37 [DEBUG  ] trailops.agents.intelligence_agent: Intelligence: tools called: ['get_weather', 'get_air_quality', 'get_fire_data', 'get_streamflow', 'get_wildlife']
2026-03-03 09:19:48 [INFO   ] trailops.agents.intelligence_agent: Intelligence: conditions synthesized successfully
2026-03-03 09:19:59 [INFO   ] trailops.agents.day_planner: Day Planner: complete — 4 days planned
2026-03-03 09:19:59 [DEBUG  ] trailops.orchestrator: Conditions checked, day-by-day itinerary built
2026-03-03 09:19:59 [DEBUG  ] trailops.agents.assessment_agent: Generating gear recommendations…
2026-03-03 09:19:59 [INFO   ] trailops.agents.assessment.gear: Gear: generating conditions-aware gear list
2026-03-03 09:20:08 [INFO   ] trailops.agents.assessment.gear: Gear: complete — 10 items
2026-03-03 09:20:08 [INFO   ] trailops.risk_scorer: Risk Scorer: HIGH (dominant: water, replanning: True)
2026-03-03 09:20:08 [DEBUG  ] trailops.agents.assessment_agent: Risk assessed: HIGH  ·  main concern: water
2026-03-03 09:20:08 [WARNING] trailops.agents.assessment_agent: Assessment: HIGH risk — spawning Replanner (dominant: water)
2026-03-03 09:20:08 [DEBUG  ] trailops.agents.assessment_agent: Risk elevated (water) — adjusting the itinerary…
2026-03-03 09:20:08 [INFO   ] trailops.agents.assessment.replanner: Replanner: adjusting itinerary to reduce risk
2026-03-03 09:20:25 [INFO   ] trailops.agents.assessment.replanner: Replanner: itinerary adjusted successfully
2026-03-03 09:20:25 [INFO   ] trailops.risk_scorer: Risk Scorer: HIGH (dominant: water, replanning: True)
2026-03-03 09:20:25 [WARNING] trailops.agents.assessment_agent: Assessment: Replanner insufficient — spawning Plan B (dominant: water)
2026-03-03 09:20:25 [DEBUG  ] trailops.agents.assessment_agent: Itinerary adjustment insufficient — searching for an alternate route…
2026-03-03 09:20:25 [INFO   ] trailops.agents.assessment.plan_b: Plan B: searching 15 alternate route candidates
2026-03-03 09:21:01 [INFO   ] trailops.agents.assessment.plan_b: Plan B: selected 'Ozette Triangle' as alternate route
2026-03-03 09:21:01 [INFO   ] trailops.risk_scorer: Risk Scorer: HIGH (dominant: water, replanning: True)
2026-03-03 09:21:01 [ERROR  ] trailops.agents.assessment_agent: Assessment: no viable route found (dominant: water, risk: high)
2026-03-03 09:21:01 [DEBUG  ] trailops.orchestrator: Polishing the trip brief…
2026-03-03 09:28:32 [INFO   ] trailops.orchestrator: Orchestrator: route selected — Olympic High Divide (Hard, Olympics)
2026-03-03 09:28:32 [DEBUG  ] trailops.orchestrator: Route selected: Olympic High Divide  ·  Hard, Olympics
2026-03-03 09:28:32 [DEBUG  ] trailops.orchestrator: Fetching live weather, air quality, fire & water data…
2026-03-03 09:28:32 [INFO   ] trailops.agents.intelligence_agent: Intelligence: starting live tool use loop for Olympic High Divide (2026-03-04 to 2026-03-07)
2026-03-03 09:28:32 [INFO   ] trailops.agents.day_planner: Day Planner: building 4-day itinerary for Olympic High Divide
2026-03-03 09:28:37 [DEBUG  ] trailops.agents.intelligence_agent: Intelligence: tools called: ['get_weather', 'get_air_quality', 'get_fire_data', 'get_streamflow', 'get_wildlife']
2026-03-03 09:28:48 [INFO   ] trailops.agents.intelligence_agent: Intelligence: conditions synthesized successfully
2026-03-03 09:28:56 [INFO   ] trailops.agents.day_planner: Day Planner: complete — 4 days planned
2026-03-03 09:28:56 [DEBUG  ] trailops.orchestrator: Conditions checked, day-by-day itinerary built
2026-03-03 09:28:56 [DEBUG  ] trailops.agents.assessment_agent: Generating gear recommendations…
2026-03-03 09:28:56 [INFO   ] trailops.agents.assessment.gear: Gear: generating conditions-aware gear list
2026-03-03 09:29:07 [INFO   ] trailops.agents.assessment.gear: Gear: complete — 11 items
2026-03-03 09:29:07 [INFO   ] trailops.risk_scorer: Risk Scorer: HIGH (dominant: water, replanning: True)
2026-03-03 09:29:07 [DEBUG  ] trailops.agents.assessment_agent: Risk assessed: HIGH  ·  main concern: water
2026-03-03 09:29:07 [WARNING] trailops.agents.assessment_agent: Assessment: HIGH risk — spawning Replanner (dominant: water)
2026-03-03 09:29:07 [DEBUG  ] trailops.agents.assessment_agent: Risk elevated (water) — adjusting the itinerary…
2026-03-03 09:29:07 [INFO   ] trailops.agents.assessment.replanner: Replanner: adjusting itinerary to reduce risk
2026-03-03 09:29:26 [INFO   ] trailops.agents.assessment.replanner: Replanner: itinerary adjusted successfully
2026-03-03 09:29:26 [INFO   ] trailops.risk_scorer: Risk Scorer: HIGH (dominant: water, replanning: True)
2026-03-03 09:29:26 [WARNING] trailops.agents.assessment_agent: Assessment: Replanner insufficient — spawning Plan B (dominant: water)
2026-03-03 09:29:26 [DEBUG  ] trailops.agents.assessment_agent: Itinerary adjustment insufficient — searching for an alternate route…
2026-03-03 09:29:26 [INFO   ] trailops.agents.assessment.plan_b: Plan B: searching 15 alternate route candidates
2026-03-03 09:30:03 [INFO   ] trailops.agents.assessment.plan_b: Plan B: selected 'Ozette Triangle' as alternate route
2026-03-03 09:30:03 [INFO   ] trailops.risk_scorer: Risk Scorer: HIGH (dominant: water, replanning: True)
2026-03-03 09:30:03 [ERROR  ] trailops.agents.assessment_agent: Assessment: no viable route found (dominant: water, risk: high)
2026-03-03 09:30:03 [DEBUG  ] trailops.orchestrator: Polishing the trip brief…
2026-03-03 09:36:45 [INFO   ] trailops.orchestrator: Orchestrator: route selected — Olympic High Divide (Hard, Olympics)
2026-03-03 09:36:45 [DEBUG  ] trailops.orchestrator: Route selected: Olympic High Divide  ·  Hard, Olympics
2026-03-03 09:36:45 [DEBUG  ] trailops.orchestrator: Fetching live weather, air quality, fire & water data…
2026-03-03 09:36:45 [INFO   ] trailops.agents.intelligence_agent: Intelligence: starting live tool use loop for Olympic High Divide (2026-03-04 to 2026-03-07)
2026-03-03 09:36:45 [INFO   ] trailops.agents.day_planner: Day Planner: building 4-day itinerary for Olympic High Divide
2026-03-03 09:36:51 [DEBUG  ] trailops.agents.intelligence_agent: Intelligence: tools called: ['get_weather', 'get_air_quality', 'get_fire_data', 'get_streamflow', 'get_wildlife']
2026-03-03 09:37:02 [INFO   ] trailops.agents.intelligence_agent: Intelligence: conditions synthesized successfully
2026-03-03 09:37:11 [INFO   ] trailops.agents.day_planner: Day Planner: complete — 4 days planned
2026-03-03 09:37:11 [DEBUG  ] trailops.orchestrator: Conditions checked, day-by-day itinerary built
2026-03-03 09:37:11 [DEBUG  ] trailops.agents.assessment_agent: Generating gear recommendations…
2026-03-03 09:37:11 [INFO   ] trailops.agents.assessment.gear: Gear: generating conditions-aware gear list
2026-03-03 09:37:22 [INFO   ] trailops.agents.assessment.gear: Gear: complete — 11 items
2026-03-03 09:37:22 [INFO   ] trailops.risk_scorer: Risk Scorer: HIGH (dominant: water, replanning: True)
2026-03-03 09:37:22 [DEBUG  ] trailops.agents.assessment_agent: Risk assessed: HIGH  ·  main concern: water
2026-03-03 09:37:22 [WARNING] trailops.agents.assessment_agent: Assessment: HIGH risk — spawning Replanner (dominant: water)
2026-03-03 09:37:22 [DEBUG  ] trailops.agents.assessment_agent: Risk elevated (water) — adjusting the itinerary…
2026-03-03 09:37:22 [INFO   ] trailops.agents.assessment.replanner: Replanner: adjusting itinerary to reduce risk
2026-03-03 09:37:42 [INFO   ] trailops.agents.assessment.replanner: Replanner: itinerary adjusted successfully
2026-03-03 09:37:42 [INFO   ] trailops.risk_scorer: Risk Scorer: HIGH (dominant: water, replanning: True)
2026-03-03 09:37:42 [WARNING] trailops.agents.assessment_agent: Assessment: Replanner insufficient — spawning Plan B (dominant: water)
2026-03-03 09:37:42 [DEBUG  ] trailops.agents.assessment_agent: Itinerary adjustment insufficient — searching for an alternate route…
2026-03-03 09:37:42 [INFO   ] trailops.agents.assessment.plan_b: Plan B: searching 15 alternate route candidates
2026-03-03 09:38:20 [INFO   ] trailops.agents.assessment.plan_b: Plan B: selected 'Ozette Triangle' as alternate route
2026-03-03 09:38:20 [INFO   ] trailops.risk_scorer: Risk Scorer: HIGH (dominant: water, replanning: True)
2026-03-03 09:38:20 [ERROR  ] trailops.agents.assessment_agent: Assessment: no viable route found (dominant: water, risk: high)
2026-03-03 09:38:20 [DEBUG  ] trailops.orchestrator: Polishing the trip brief…
2026-03-03 09:41:41 [INFO   ] trailops.orchestrator: Orchestrator: route selected — Olympic High Divide (Hard, Olympics)
2026-03-03 09:41:41 [DEBUG  ] trailops.orchestrator: Route selected: Olympic High Divide  ·  Hard, Olympics
2026-03-03 09:41:41 [DEBUG  ] trailops.orchestrator: Fetching live weather, air quality, fire & water data…
2026-03-03 09:41:41 [INFO   ] trailops.agents.intelligence_agent: Intelligence: starting live tool use loop for Olympic High Divide (2026-03-04 to 2026-03-07)
2026-03-03 09:41:41 [INFO   ] trailops.agents.day_planner: Day Planner: building 4-day itinerary for Olympic High Divide
2026-03-03 09:41:46 [DEBUG  ] trailops.agents.intelligence_agent: Intelligence: tools called: ['get_weather', 'get_air_quality', 'get_fire_data', 'get_streamflow', 'get_wildlife']
2026-03-03 09:41:58 [INFO   ] trailops.agents.intelligence_agent: Intelligence: conditions synthesized successfully
2026-03-03 09:42:08 [INFO   ] trailops.agents.day_planner: Day Planner: complete — 4 days planned
2026-03-03 09:42:08 [DEBUG  ] trailops.orchestrator: Conditions checked, day-by-day itinerary built
2026-03-03 09:42:08 [DEBUG  ] trailops.agents.assessment_agent: Generating gear recommendations…
2026-03-03 09:42:08 [INFO   ] trailops.agents.assessment.gear: Gear: generating conditions-aware gear list
2026-03-03 09:42:19 [INFO   ] trailops.agents.assessment.gear: Gear: complete — 12 items
2026-03-03 09:42:19 [INFO   ] trailops.risk_scorer: Risk Scorer: HIGH (dominant: water, replanning: True)
2026-03-03 09:42:19 [DEBUG  ] trailops.agents.assessment_agent: Risk assessed: HIGH  ·  main concern: water
2026-03-03 09:42:19 [WARNING] trailops.agents.assessment_agent: Assessment: HIGH risk — spawning Replanner (dominant: water)
2026-03-03 09:42:19 [DEBUG  ] trailops.agents.assessment_agent: Risk elevated (water) — adjusting the itinerary…
2026-03-03 09:42:19 [INFO   ] trailops.agents.assessment.replanner: Replanner: adjusting itinerary to reduce risk
2026-03-03 09:42:40 [INFO   ] trailops.agents.assessment.replanner: Replanner: itinerary adjusted successfully
2026-03-03 09:42:40 [INFO   ] trailops.risk_scorer: Risk Scorer: HIGH (dominant: water, replanning: True)
2026-03-03 09:42:40 [WARNING] trailops.agents.assessment_agent: Assessment: Replanner insufficient — spawning Plan B (dominant: water)
2026-03-03 09:42:40 [DEBUG  ] trailops.agents.assessment_agent: Itinerary adjustment insufficient — searching for an alternate route…
2026-03-03 09:42:40 [INFO   ] trailops.agents.assessment.plan_b: Plan B: searching 15 alternate route candidates
2026-03-03 09:43:29 [INFO   ] trailops.agents.assessment.plan_b: Plan B: selected 'Ozette Triangle' as alternate route
2026-03-03 09:43:29 [INFO   ] trailops.risk_scorer: Risk Scorer: HIGH (dominant: water, replanning: True)
2026-03-03 09:43:29 [ERROR  ] trailops.agents.assessment_agent: Assessment: no viable route found (dominant: water, risk: high)
2026-03-03 09:43:29 [DEBUG  ] trailops.orchestrator: Polishing the trip brief…
2026-03-03 09:44:04 [INFO   ] trailops.orchestrator: Orchestrator: route selected — Olympic High Divide (Hard, Olympics)
2026-03-03 09:44:04 [DEBUG  ] trailops.orchestrator: Route selected: Olympic High Divide  ·  Hard, Olympics
2026-03-03 09:44:04 [DEBUG  ] trailops.orchestrator: Fetching live weather, air quality, fire & water data…
2026-03-03 09:44:04 [INFO   ] trailops.agents.intelligence_agent: Intelligence: starting live tool use loop for Olympic High Divide (2026-03-04 to 2026-03-07)
2026-03-03 09:44:04 [INFO   ] trailops.agents.day_planner: Day Planner: building 4-day itinerary for Olympic High Divide
2026-03-03 09:44:09 [DEBUG  ] trailops.agents.intelligence_agent: Intelligence: tools called: ['get_weather', 'get_air_quality', 'get_fire_data', 'get_streamflow', 'get_wildlife']
2026-03-03 09:44:20 [INFO   ] trailops.agents.intelligence_agent: Intelligence: conditions synthesized successfully
2026-03-03 09:44:29 [INFO   ] trailops.agents.day_planner: Day Planner: complete — 4 days planned
2026-03-03 09:44:29 [DEBUG  ] trailops.orchestrator: Conditions checked, day-by-day itinerary built
2026-03-03 09:44:29 [DEBUG  ] trailops.agents.assessment_agent: Generating gear recommendations…
2026-03-03 09:44:29 [INFO   ] trailops.agents.assessment.gear: Gear: generating conditions-aware gear list
2026-03-03 09:44:38 [INFO   ] trailops.agents.assessment.gear: Gear: complete — 11 items
2026-03-03 09:44:38 [INFO   ] trailops.risk_scorer: Risk Scorer: HIGH (dominant: water, replanning: True)
2026-03-03 09:44:38 [DEBUG  ] trailops.agents.assessment_agent: Risk assessed: HIGH  ·  main concern: water
2026-03-03 09:44:38 [WARNING] trailops.agents.assessment_agent: Assessment: HIGH risk — spawning Replanner (dominant: water)
2026-03-03 09:44:38 [DEBUG  ] trailops.agents.assessment_agent: Risk elevated (water) — adjusting the itinerary…
2026-03-03 09:44:38 [INFO   ] trailops.agents.assessment.replanner: Replanner: adjusting itinerary to reduce risk
2026-03-03 09:44:56 [INFO   ] trailops.agents.assessment.replanner: Replanner: itinerary adjusted successfully
2026-03-03 09:44:56 [INFO   ] trailops.risk_scorer: Risk Scorer: HIGH (dominant: water, replanning: True)
2026-03-03 09:44:56 [WARNING] trailops.agents.assessment_agent: Assessment: Replanner insufficient — spawning Plan B (dominant: water)
2026-03-03 09:44:56 [DEBUG  ] trailops.agents.assessment_agent: Itinerary adjustment insufficient — searching for an alternate route…
2026-03-03 09:44:56 [INFO   ] trailops.agents.assessment.plan_b: Plan B: searching 15 alternate route candidates
2026-03-03 09:45:33 [INFO   ] trailops.agents.assessment.plan_b: Plan B: selected 'Ozette Triangle' as alternate route
2026-03-03 09:45:33 [INFO   ] trailops.risk_scorer: Risk Scorer: HIGH (dominant: water, replanning: True)
2026-03-03 09:45:33 [ERROR  ] trailops.agents.assessment_agent: Assessment: no viable route found (dominant: water, risk: high)
2026-03-03 09:45:33 [DEBUG  ] trailops.orchestrator: Polishing the trip brief…
2026-03-03 09:49:11 [INFO   ] trailops.orchestrator: Orchestrator: route selected — Olympic High Divide (Hard, Olympics)
2026-03-03 09:49:11 [DEBUG  ] trailops.orchestrator: Route selected: Olympic High Divide  ·  Hard, Olympics
2026-03-03 09:49:11 [DEBUG  ] trailops.orchestrator: Fetching live weather, air quality, fire & water data…
2026-03-03 09:49:11 [INFO   ] trailops.agents.intelligence_agent: Intelligence: starting live tool use loop for Olympic High Divide (2026-03-04 to 2026-03-07)
2026-03-03 09:49:11 [INFO   ] trailops.agents.day_planner: Day Planner: building 4-day itinerary for Olympic High Divide
2026-03-03 09:49:16 [DEBUG  ] trailops.agents.intelligence_agent: Intelligence: tools called: ['get_weather', 'get_air_quality', 'get_fire_data', 'get_streamflow', 'get_wildlife']
2026-03-03 09:49:27 [INFO   ] trailops.agents.intelligence_agent: Intelligence: conditions synthesized successfully
2026-03-03 09:49:33 [INFO   ] trailops.agents.day_planner: Day Planner: complete — 4 days planned
2026-03-03 09:49:33 [DEBUG  ] trailops.orchestrator: Conditions checked, day-by-day itinerary built
2026-03-03 09:49:33 [DEBUG  ] trailops.agents.assessment_agent: Generating gear recommendations…
2026-03-03 09:49:33 [INFO   ] trailops.agents.assessment.gear: Gear: generating conditions-aware gear list
2026-03-03 09:49:43 [INFO   ] trailops.agents.assessment.gear: Gear: complete — 11 items
2026-03-03 09:49:43 [INFO   ] trailops.risk_scorer: Risk Scorer: HIGH (dominant: water, replanning: True)
2026-03-03 09:49:43 [DEBUG  ] trailops.agents.assessment_agent: Risk assessed: HIGH  ·  main concern: water
2026-03-03 09:49:43 [WARNING] trailops.agents.assessment_agent: Assessment: HIGH risk — spawning Replanner (dominant: water)
2026-03-03 09:49:43 [DEBUG  ] trailops.agents.assessment_agent: Risk elevated (water) — adjusting the itinerary…
2026-03-03 09:49:43 [INFO   ] trailops.agents.assessment.replanner: Replanner: adjusting itinerary to reduce risk
2026-03-03 09:50:02 [INFO   ] trailops.agents.assessment.replanner: Replanner: itinerary adjusted successfully
2026-03-03 09:50:02 [INFO   ] trailops.risk_scorer: Risk Scorer: HIGH (dominant: water, replanning: True)
2026-03-03 09:50:02 [WARNING] trailops.agents.assessment_agent: Assessment: Replanner insufficient — spawning Plan B (dominant: water)
2026-03-03 09:50:02 [DEBUG  ] trailops.agents.assessment_agent: Itinerary adjustment insufficient — searching for an alternate route…
2026-03-03 09:50:02 [INFO   ] trailops.agents.assessment.plan_b: Plan B: searching 15 alternate route candidates
2026-03-03 09:50:38 [INFO   ] trailops.agents.assessment.plan_b: Plan B: selected 'Ozette Triangle' as alternate route
2026-03-03 09:50:38 [INFO   ] trailops.risk_scorer: Risk Scorer: HIGH (dominant: water, replanning: True)
2026-03-03 09:50:38 [ERROR  ] trailops.agents.assessment_agent: Assessment: no viable route found (dominant: water, risk: high)
2026-03-03 09:50:38 [DEBUG  ] trailops.orchestrator: Polishing the trip brief…
2026-03-03 09:52:19 [INFO   ] trailops.orchestrator: Orchestrator: route selected — Olympic High Divide (Hard, Olympics)
2026-03-03 09:52:19 [DEBUG  ] trailops.orchestrator: Route selected: Olympic High Divide  ·  Hard, Olympics
2026-03-03 09:52:19 [DEBUG  ] trailops.orchestrator: Fetching live weather, air quality, fire & water data…
2026-03-03 09:52:19 [INFO   ] trailops.agents.intelligence_agent: Intelligence: starting live tool use loop for Olympic High Divide (2026-03-04 to 2026-03-07)
2026-03-03 09:52:19 [INFO   ] trailops.agents.day_planner: Day Planner: building 4-day itinerary for Olympic High Divide
2026-03-03 09:52:25 [DEBUG  ] trailops.agents.intelligence_agent: Intelligence: tools called: ['get_weather', 'get_air_quality', 'get_fire_data', 'get_streamflow', 'get_wildlife']
2026-03-03 09:52:37 [INFO   ] trailops.agents.intelligence_agent: Intelligence: conditions synthesized successfully
2026-03-03 09:52:45 [INFO   ] trailops.agents.day_planner: Day Planner: complete — 4 days planned
2026-03-03 09:52:45 [DEBUG  ] trailops.orchestrator: Conditions checked, day-by-day itinerary built
2026-03-03 09:52:45 [DEBUG  ] trailops.agents.assessment_agent: Generating gear recommendations…
2026-03-03 09:52:45 [INFO   ] trailops.agents.assessment.gear: Gear: generating conditions-aware gear list
2026-03-03 09:52:55 [INFO   ] trailops.agents.assessment.gear: Gear: complete — 11 items
2026-03-03 09:52:55 [INFO   ] trailops.risk_scorer: Risk Scorer: HIGH (dominant: water, replanning: True)
2026-03-03 09:52:55 [DEBUG  ] trailops.agents.assessment_agent: Risk assessed: HIGH  ·  main concern: water
2026-03-03 09:52:55 [WARNING] trailops.agents.assessment_agent: Assessment: HIGH risk — spawning Replanner (dominant: water)
2026-03-03 09:52:55 [DEBUG  ] trailops.agents.assessment_agent: Risk elevated (water) — adjusting the itinerary…
2026-03-03 09:52:55 [INFO   ] trailops.agents.assessment.replanner: Replanner: adjusting itinerary to reduce risk
2026-03-03 09:53:12 [INFO   ] trailops.agents.assessment.replanner: Replanner: itinerary adjusted successfully
2026-03-03 09:53:12 [INFO   ] trailops.risk_scorer: Risk Scorer: HIGH (dominant: water, replanning: True)
2026-03-03 09:53:12 [WARNING] trailops.agents.assessment_agent: Assessment: Replanner insufficient — spawning Plan B (dominant: water)
2026-03-03 09:53:12 [DEBUG  ] trailops.agents.assessment_agent: Itinerary adjustment insufficient — searching for an alternate route…
2026-03-03 09:53:12 [INFO   ] trailops.agents.assessment.plan_b: Plan B: searching 15 alternate route candidates
2026-03-03 09:53:53 [INFO   ] trailops.agents.assessment.plan_b: Plan B: selected 'Rattlesnake Ledge' as alternate route
2026-03-03 09:53:53 [INFO   ] trailops.risk_scorer: Risk Scorer: HIGH (dominant: water, replanning: True)
2026-03-03 09:53:53 [ERROR  ] trailops.agents.assessment_agent: Assessment: no viable route found (dominant: water, risk: high)
2026-03-03 09:53:53 [DEBUG  ] trailops.orchestrator: Polishing the trip brief…
2026-03-03 09:55:37 [INFO   ] trailops.orchestrator: Orchestrator: route selected — Olympic High Divide (Hard, Olympics)
2026-03-03 09:55:37 [DEBUG  ] trailops.orchestrator: Route selected: Olympic High Divide  ·  Hard, Olympics
2026-03-03 09:55:37 [DEBUG  ] trailops.orchestrator: Fetching live weather, air quality, fire & water data…
2026-03-03 09:55:37 [INFO   ] trailops.agents.intelligence_agent: Intelligence: starting live tool use loop for Olympic High Divide (2026-03-04 to 2026-03-07)
2026-03-03 09:55:37 [INFO   ] trailops.agents.day_planner: Day Planner: building 4-day itinerary for Olympic High Divide
2026-03-03 09:55:43 [DEBUG  ] trailops.agents.intelligence_agent: Intelligence: tools called: ['get_weather', 'get_air_quality', 'get_fire_data', 'get_streamflow', 'get_wildlife']
2026-03-03 09:55:54 [INFO   ] trailops.agents.intelligence_agent: Intelligence: conditions synthesized successfully
2026-03-03 09:55:58 [INFO   ] trailops.agents.day_planner: Day Planner: complete — 4 days planned
2026-03-03 09:55:58 [DEBUG  ] trailops.orchestrator: Conditions checked, day-by-day itinerary built
2026-03-03 09:55:58 [DEBUG  ] trailops.agents.assessment_agent: Generating gear recommendations…
2026-03-03 09:55:58 [INFO   ] trailops.agents.assessment.gear: Gear: generating conditions-aware gear list
2026-03-03 09:56:07 [INFO   ] trailops.agents.assessment.gear: Gear: complete — 10 items
2026-03-03 09:56:07 [INFO   ] trailops.risk_scorer: Risk Scorer: HIGH (dominant: water, replanning: True)
2026-03-03 09:56:07 [DEBUG  ] trailops.agents.assessment_agent: Risk assessed: HIGH  ·  main concern: water
2026-03-03 09:56:07 [WARNING] trailops.agents.assessment_agent: Assessment: HIGH risk — spawning Replanner (dominant: water)
2026-03-03 09:56:07 [DEBUG  ] trailops.agents.assessment_agent: Risk elevated (water) — adjusting the itinerary…
2026-03-03 09:56:07 [INFO   ] trailops.agents.assessment.replanner: Replanner: adjusting itinerary to reduce risk
2026-03-03 09:56:25 [INFO   ] trailops.agents.assessment.replanner: Replanner: itinerary adjusted successfully
2026-03-03 09:56:25 [INFO   ] trailops.risk_scorer: Risk Scorer: HIGH (dominant: water, replanning: True)
2026-03-03 09:56:25 [WARNING] trailops.agents.assessment_agent: Assessment: Replanner insufficient — spawning Plan B (dominant: water)
2026-03-03 09:56:25 [DEBUG  ] trailops.agents.assessment_agent: Itinerary adjustment insufficient — searching for an alternate route…
2026-03-03 09:56:25 [INFO   ] trailops.agents.assessment.plan_b: Plan B: searching 15 alternate route candidates
2026-03-03 09:57:08 [INFO   ] trailops.agents.assessment.plan_b: Plan B: selected 'Ozette Triangle' as alternate route
2026-03-03 09:57:08 [INFO   ] trailops.risk_scorer: Risk Scorer: HIGH (dominant: water, replanning: True)
2026-03-03 09:57:08 [ERROR  ] trailops.agents.assessment_agent: Assessment: no viable route found (dominant: water, risk: high)
2026-03-03 09:57:08 [DEBUG  ] trailops.orchestrator: Polishing the trip brief…
2026-03-03 10:00:59 [INFO   ] trailops.orchestrator: Orchestrator: route selected — Olympic High Divide (Hard, Olympics)
2026-03-03 10:00:59 [DEBUG  ] trailops.orchestrator: Route selected: Olympic High Divide  ·  Hard, Olympics
2026-03-03 10:00:59 [DEBUG  ] trailops.orchestrator: Fetching live weather, air quality, fire & water data…
2026-03-03 10:00:59 [INFO   ] trailops.agents.intelligence_agent: Intelligence: starting live tool use loop for Olympic High Divide (2026-03-04 to 2026-03-07)
2026-03-03 10:00:59 [INFO   ] trailops.agents.day_planner: Day Planner: building 4-day itinerary for Olympic High Divide
2026-03-03 10:01:04 [DEBUG  ] trailops.agents.intelligence_agent: Intelligence: tools called: ['get_weather', 'get_air_quality', 'get_fire_data', 'get_streamflow', 'get_wildlife']
2026-03-03 10:01:15 [INFO   ] trailops.agents.intelligence_agent: Intelligence: conditions synthesized successfully
2026-03-03 10:01:26 [INFO   ] trailops.agents.day_planner: Day Planner: complete — 4 days planned
2026-03-03 10:01:26 [DEBUG  ] trailops.orchestrator: Conditions checked, day-by-day itinerary built
2026-03-03 10:01:26 [DEBUG  ] trailops.agents.assessment_agent: Generating gear recommendations…
2026-03-03 10:01:26 [INFO   ] trailops.agents.assessment.gear: Gear: generating conditions-aware gear list
2026-03-03 10:01:35 [INFO   ] trailops.agents.assessment.gear: Gear: complete — 10 items
2026-03-03 10:01:35 [INFO   ] trailops.risk_scorer: Risk Scorer: HIGH (dominant: water, replanning: True)
2026-03-03 10:01:35 [DEBUG  ] trailops.agents.assessment_agent: Risk assessed: HIGH  ·  main concern: water
2026-03-03 10:01:35 [WARNING] trailops.agents.assessment_agent: Assessment: HIGH risk — spawning Replanner (dominant: water)
2026-03-03 10:01:35 [DEBUG  ] trailops.agents.assessment_agent: Risk elevated (water) — adjusting the itinerary…
2026-03-03 10:01:35 [INFO   ] trailops.agents.assessment.replanner: Replanner: adjusting itinerary to reduce risk
2026-03-03 10:02:00 [INFO   ] trailops.agents.assessment.replanner: Replanner: itinerary adjusted successfully
2026-03-03 10:02:00 [INFO   ] trailops.risk_scorer: Risk Scorer: HIGH (dominant: water, replanning: True)
2026-03-03 10:02:00 [WARNING] trailops.agents.assessment_agent: Assessment: Replanner insufficient — spawning Plan B (dominant: water)
2026-03-03 10:02:00 [DEBUG  ] trailops.agents.assessment_agent: Itinerary adjustment insufficient — searching for an alternate route…
2026-03-03 10:02:00 [INFO   ] trailops.agents.assessment.plan_b: Plan B: searching 15 alternate route candidates
2026-03-03 10:02:31 [INFO   ] trailops.agents.assessment.plan_b: Plan B: selected 'Ozette Triangle' as alternate route
2026-03-03 10:02:31 [INFO   ] trailops.risk_scorer: Risk Scorer: HIGH (dominant: water, replanning: True)
2026-03-03 10:02:31 [ERROR  ] trailops.agents.assessment_agent: Assessment: no viable route found (dominant: water, risk: high)
2026-03-03 10:02:31 [DEBUG  ] trailops.orchestrator: Polishing the trip brief…
2026-03-03 10:03:13 [INFO   ] trailops.orchestrator: Orchestrator: route selected — Olympic High Divide (Hard, Olympics)
2026-03-03 10:03:13 [DEBUG  ] trailops.orchestrator: Route selected: Olympic High Divide  ·  Hard, Olympics
2026-03-03 10:03:13 [DEBUG  ] trailops.orchestrator: Fetching live weather, air quality, fire & water data…
2026-03-03 10:03:13 [INFO   ] trailops.agents.intelligence_agent: Intelligence: 124d until trip (>7d horizon) — using historical conditions
2026-03-03 10:03:13 [INFO   ] trailops.agents.day_planner: Day Planner: building 4-day itinerary for Olympic High Divide
2026-03-03 10:03:39 [INFO   ] trailops.agents.day_planner: Day Planner: complete — 4 days planned
2026-03-03 10:03:39 [DEBUG  ] trailops.orchestrator: Conditions checked, day-by-day itinerary built
2026-03-03 10:03:39 [DEBUG  ] trailops.agents.assessment_agent: Generating gear recommendations…
2026-03-03 10:03:39 [INFO   ] trailops.agents.assessment.gear: Gear: generating conditions-aware gear list
2026-03-03 10:03:46 [INFO   ] trailops.agents.assessment.gear: Gear: complete — 8 items
2026-03-03 10:03:46 [INFO   ] trailops.risk_scorer: Risk Scorer: LOW (dominant: None, replanning: False)
2026-03-03 10:03:46 [DEBUG  ] trailops.agents.assessment_agent: Risk assessed: LOW  ·  main concern: none
2026-03-03 10:03:46 [DEBUG  ] trailops.orchestrator: Polishing the trip brief…
2026-03-03 10:03:46 [INFO   ] trailops.agents.brief_reviewer: Brief Reviewer: cleaning prose fields
2026-03-03 10:08:07 [INFO   ] trailops.orchestrator: Orchestrator: route selected — Olympic High Divide (Hard, Olympics)
2026-03-03 10:08:07 [DEBUG  ] trailops.orchestrator: Route selected: Olympic High Divide  ·  Hard, Olympics
2026-03-03 10:08:07 [DEBUG  ] trailops.orchestrator: Fetching live weather, air quality, fire & water data…
2026-03-03 10:08:07 [INFO   ] trailops.agents.intelligence_agent: Intelligence: starting live tool use loop for Olympic High Divide (2026-03-04 to 2026-03-07)
2026-03-03 10:08:07 [INFO   ] trailops.agents.day_planner: Day Planner: building 4-day itinerary for Olympic High Divide
2026-03-03 10:08:12 [DEBUG  ] trailops.agents.intelligence_agent: Intelligence: tools called: ['get_weather', 'get_air_quality', 'get_fire_data', 'get_streamflow', 'get_wildlife']
2026-03-03 10:08:23 [INFO   ] trailops.agents.intelligence_agent: Intelligence: conditions synthesized successfully
2026-03-03 10:08:31 [INFO   ] trailops.agents.day_planner: Day Planner: complete — 4 days planned
2026-03-03 10:08:31 [DEBUG  ] trailops.orchestrator: Conditions checked, day-by-day itinerary built
2026-03-03 10:08:31 [DEBUG  ] trailops.agents.assessment_agent: Generating gear recommendations…
2026-03-03 10:08:31 [INFO   ] trailops.agents.assessment.gear: Gear: generating conditions-aware gear list
2026-03-03 10:08:39 [INFO   ] trailops.agents.assessment.gear: Gear: complete — 9 items
2026-03-03 10:08:39 [INFO   ] trailops.risk_scorer: Risk Scorer: HIGH (dominant: water, replanning: True)
2026-03-03 10:08:39 [DEBUG  ] trailops.agents.assessment_agent: Risk assessed: HIGH  ·  main concern: water
2026-03-03 10:08:39 [WARNING] trailops.agents.assessment_agent: Assessment: HIGH risk — spawning Replanner (dominant: water)
2026-03-03 10:08:39 [DEBUG  ] trailops.agents.assessment_agent: Risk elevated (water) — adjusting the itinerary…
2026-03-03 10:08:39 [INFO   ] trailops.agents.assessment.replanner: Replanner: adjusting itinerary to reduce risk
2026-03-03 10:09:01 [INFO   ] trailops.agents.assessment.replanner: Replanner: itinerary adjusted successfully
2026-03-03 10:09:01 [INFO   ] trailops.risk_scorer: Risk Scorer: HIGH (dominant: water, replanning: True)
2026-03-03 10:09:01 [WARNING] trailops.agents.assessment_agent: Assessment: Replanner insufficient — spawning Plan B (dominant: water)
2026-03-03 10:09:01 [DEBUG  ] trailops.agents.assessment_agent: Itinerary adjustment insufficient — searching for an alternate route…
2026-03-03 10:09:01 [INFO   ] trailops.agents.assessment.plan_b: Plan B: searching 15 alternate route candidates
2026-03-03 10:09:32 [INFO   ] trailops.agents.assessment.plan_b: Plan B: selected 'Ozette Triangle' as alternate route
2026-03-03 10:09:32 [INFO   ] trailops.risk_scorer: Risk Scorer: HIGH (dominant: water, replanning: True)
2026-03-03 10:09:32 [ERROR  ] trailops.agents.assessment_agent: Assessment: no viable route found (dominant: water, risk: high)
2026-03-03 10:09:32 [DEBUG  ] trailops.orchestrator: Polishing the trip brief…
2026-03-03 10:10:07 [INFO   ] trailops.orchestrator: Orchestrator: route selected — Olympic High Divide (Hard, Olympics)
2026-03-03 10:10:07 [DEBUG  ] trailops.orchestrator: Route selected: Olympic High Divide  ·  Hard, Olympics
2026-03-03 10:10:07 [DEBUG  ] trailops.orchestrator: Fetching live weather, air quality, fire & water data…
2026-03-03 10:10:07 [INFO   ] trailops.agents.intelligence_agent: Intelligence: 124d until trip (>7d horizon) — using historical conditions
2026-03-03 10:10:07 [INFO   ] trailops.agents.day_planner: Day Planner: building 4-day itinerary for Olympic High Divide
2026-03-03 10:10:31 [INFO   ] trailops.agents.day_planner: Day Planner: complete — 4 days planned
2026-03-03 10:10:31 [DEBUG  ] trailops.orchestrator: Conditions checked, day-by-day itinerary built
2026-03-03 10:10:31 [DEBUG  ] trailops.agents.assessment_agent: Generating gear recommendations…
2026-03-03 10:10:31 [INFO   ] trailops.agents.assessment.gear: Gear: generating conditions-aware gear list
2026-03-03 10:10:36 [INFO   ] trailops.agents.assessment.gear: Gear: complete — 6 items
2026-03-03 10:10:36 [INFO   ] trailops.risk_scorer: Risk Scorer: LOW (dominant: None, replanning: False)
2026-03-03 10:10:36 [DEBUG  ] trailops.agents.assessment_agent: Risk assessed: LOW  ·  main concern: none
2026-03-03 10:10:36 [DEBUG  ] trailops.orchestrator: Polishing the trip brief…
2026-03-03 10:10:36 [INFO   ] trailops.agents.brief_reviewer: Brief Reviewer: cleaning prose fields
2026-03-03 10:23:07 [INFO   ] trailops.orchestrator: Orchestrator: route selected — Olympic High Divide (Hard, Olympics)
2026-03-03 10:23:07 [DEBUG  ] trailops.orchestrator: Route selected: Olympic High Divide  ·  Hard, Olympics
2026-03-03 10:23:07 [DEBUG  ] trailops.orchestrator: Fetching live weather, air quality, fire & water data…
2026-03-03 10:23:07 [INFO   ] trailops.agents.intelligence_agent: Intelligence: starting live tool use loop for Olympic High Divide (2026-03-04 to 2026-03-07)
2026-03-03 10:23:07 [INFO   ] trailops.agents.day_planner: Day Planner: building 4-day itinerary for Olympic High Divide
2026-03-03 10:23:13 [DEBUG  ] trailops.agents.intelligence_agent: Intelligence: tools called: ['get_weather', 'get_air_quality', 'get_fire_data', 'get_streamflow', 'get_wildlife']
2026-03-03 10:23:24 [INFO   ] trailops.agents.intelligence_agent: Intelligence: conditions synthesized successfully
2026-03-03 10:23:36 [INFO   ] trailops.agents.day_planner: Day Planner: complete — 4 days planned
2026-03-03 10:23:36 [DEBUG  ] trailops.orchestrator: Conditions checked, day-by-day itinerary built
2026-03-03 10:23:36 [DEBUG  ] trailops.agents.assessment_agent: Generating gear recommendations…
2026-03-03 10:23:36 [INFO   ] trailops.agents.assessment.gear: Gear: generating conditions-aware gear list
2026-03-03 10:23:47 [INFO   ] trailops.agents.assessment.gear: Gear: complete — 14 items
2026-03-03 10:23:47 [INFO   ] trailops.risk_scorer: Risk Scorer: HIGH (dominant: water, replanning: True)
2026-03-03 10:23:47 [DEBUG  ] trailops.agents.assessment_agent: Risk assessed: HIGH  ·  main concern: water
2026-03-03 10:23:47 [WARNING] trailops.agents.assessment_agent: Assessment: HIGH risk — spawning Replanner (dominant: water)
2026-03-03 10:23:47 [DEBUG  ] trailops.agents.assessment_agent: Risk elevated (water) — adjusting the itinerary…
2026-03-03 10:23:47 [INFO   ] trailops.agents.assessment.replanner: Replanner: adjusting itinerary to reduce risk
2026-03-03 10:24:10 [INFO   ] trailops.agents.assessment.replanner: Replanner: itinerary adjusted successfully
2026-03-03 10:24:10 [INFO   ] trailops.risk_scorer: Risk Scorer: HIGH (dominant: water, replanning: True)
2026-03-03 10:24:10 [WARNING] trailops.agents.assessment_agent: Assessment: Replanner insufficient — spawning Plan B (dominant: water)
2026-03-03 10:24:10 [DEBUG  ] trailops.agents.assessment_agent: Itinerary adjustment insufficient — searching for an alternate route…
2026-03-03 10:24:10 [INFO   ] trailops.agents.assessment.plan_b: Plan B: searching 15 alternate route candidates
2026-03-03 10:24:44 [INFO   ] trailops.agents.assessment.plan_b: Plan B: selected 'Ozette Triangle' as alternate route
2026-03-03 10:24:44 [INFO   ] trailops.risk_scorer: Risk Scorer: HIGH (dominant: water, replanning: True)
2026-03-03 10:24:44 [ERROR  ] trailops.agents.assessment_agent: Assessment: no viable route found (dominant: water, risk: high)
2026-03-03 10:24:44 [DEBUG  ] trailops.orchestrator: Polishing the trip brief…
2026-03-03 10:27:12 [INFO   ] trailops.orchestrator: Orchestrator: route selected — Olympic High Divide (Hard, Olympics)
2026-03-03 10:27:12 [DEBUG  ] trailops.orchestrator: Route selected: Olympic High Divide  ·  Hard, Olympics
2026-03-03 10:27:12 [DEBUG  ] trailops.orchestrator: Fetching live weather, air quality, fire & water data…
2026-03-03 10:27:12 [INFO   ] trailops.agents.intelligence_agent: Intelligence: 134d until trip (>7d horizon) — using historical conditions
2026-03-03 10:27:12 [INFO   ] trailops.agents.day_planner: Day Planner: building 4-day itinerary for Olympic High Divide
2026-03-03 10:27:36 [INFO   ] trailops.agents.day_planner: Day Planner: complete — 4 days planned
2026-03-03 10:27:36 [DEBUG  ] trailops.orchestrator: Conditions checked, day-by-day itinerary built
2026-03-03 10:27:36 [DEBUG  ] trailops.agents.assessment_agent: Generating gear recommendations…
2026-03-03 10:27:36 [INFO   ] trailops.agents.assessment.gear: Gear: generating conditions-aware gear list
2026-03-03 10:27:42 [INFO   ] trailops.agents.assessment.gear: Gear: complete — 9 items
2026-03-03 10:27:42 [INFO   ] trailops.risk_scorer: Risk Scorer: LOW (dominant: None, replanning: False)
2026-03-03 10:27:42 [DEBUG  ] trailops.agents.assessment_agent: Risk assessed: LOW  ·  main concern: none
2026-03-03 10:27:42 [DEBUG  ] trailops.orchestrator: Polishing the trip brief…
2026-03-03 10:27:42 [INFO   ] trailops.agents.brief_reviewer: Brief Reviewer: cleaning prose fields
2026-03-03 10:29:13 [INFO   ] trailops.orchestrator: Orchestrator: route selected — Olympic High Divide (Hard, Olympics)
2026-03-03 10:29:13 [DEBUG  ] trailops.orchestrator: Route selected: Olympic High Divide  ·  Hard, Olympics
2026-03-03 10:29:13 [DEBUG  ] trailops.orchestrator: Fetching live weather, air quality, fire & water data…
2026-03-03 10:29:13 [INFO   ] trailops.agents.intelligence_agent: Intelligence: starting live tool use loop for Olympic High Divide (2026-03-04 to 2026-03-07)
2026-03-03 10:29:13 [INFO   ] trailops.agents.day_planner: Day Planner: building 4-day itinerary for Olympic High Divide
2026-03-03 10:29:19 [DEBUG  ] trailops.agents.intelligence_agent: Intelligence: tools called: ['get_weather', 'get_air_quality', 'get_fire_data', 'get_streamflow', 'get_wildlife']
2026-03-03 10:29:30 [INFO   ] trailops.agents.intelligence_agent: Intelligence: conditions synthesized successfully
2026-03-03 10:29:37 [INFO   ] trailops.agents.day_planner: Day Planner: complete — 4 days planned
2026-03-03 10:29:37 [DEBUG  ] trailops.orchestrator: Conditions checked, day-by-day itinerary built
2026-03-03 10:29:37 [DEBUG  ] trailops.agents.assessment_agent: Generating gear recommendations…
2026-03-03 10:29:37 [INFO   ] trailops.agents.assessment.gear: Gear: generating conditions-aware gear list
2026-03-03 10:29:48 [INFO   ] trailops.agents.assessment.gear: Gear: complete — 11 items
2026-03-03 10:29:48 [INFO   ] trailops.risk_scorer: Risk Scorer: HIGH (dominant: water, replanning: True)
2026-03-03 10:29:48 [DEBUG  ] trailops.agents.assessment_agent: Risk assessed: HIGH  ·  main concern: water
2026-03-03 10:29:48 [WARNING] trailops.agents.assessment_agent: Assessment: HIGH risk — spawning Replanner (dominant: water)
2026-03-03 10:29:48 [DEBUG  ] trailops.agents.assessment_agent: Risk elevated (water) — adjusting the itinerary…
2026-03-03 10:29:48 [INFO   ] trailops.agents.assessment.replanner: Replanner: adjusting itinerary to reduce risk
2026-03-03 10:30:08 [INFO   ] trailops.agents.assessment.replanner: Replanner: itinerary adjusted successfully
2026-03-03 10:30:08 [INFO   ] trailops.risk_scorer: Risk Scorer: HIGH (dominant: water, replanning: True)
2026-03-03 10:30:08 [WARNING] trailops.agents.assessment_agent: Assessment: Replanner insufficient — spawning Plan B (dominant: water)
2026-03-03 10:30:08 [DEBUG  ] trailops.agents.assessment_agent: Itinerary adjustment insufficient — searching for an alternate route…
2026-03-03 10:30:08 [INFO   ] trailops.agents.assessment.plan_b: Plan B: searching 15 alternate route candidates
2026-03-03 10:30:38 [INFO   ] trailops.agents.assessment.plan_b: Plan B: selected 'Ozette Triangle' as alternate route
2026-03-03 10:30:38 [INFO   ] trailops.risk_scorer: Risk Scorer: HIGH (dominant: water, replanning: True)
2026-03-03 10:30:38 [ERROR  ] trailops.agents.assessment_agent: Assessment: no viable route found (dominant: water, risk: high)
2026-03-03 10:30:38 [DEBUG  ] trailops.orchestrator: Polishing the trip brief…
2026-03-03 10:31:10 [INFO   ] trailops.orchestrator: Orchestrator: route selected — Olympic High Divide (Hard, Olympics)
2026-03-03 10:31:10 [DEBUG  ] trailops.orchestrator: Route selected: Olympic High Divide  ·  Hard, Olympics
2026-03-03 10:31:10 [DEBUG  ] trailops.orchestrator: Fetching live weather, air quality, fire & water data…
2026-03-03 10:31:10 [INFO   ] trailops.agents.intelligence_agent: Intelligence: 134d until trip (>7d horizon) — using historical conditions
2026-03-03 10:31:10 [INFO   ] trailops.agents.day_planner: Day Planner: building 4-day itinerary for Olympic High Divide
2026-03-03 10:31:32 [INFO   ] trailops.agents.day_planner: Day Planner: complete — 4 days planned
2026-03-03 10:31:32 [DEBUG  ] trailops.orchestrator: Conditions checked, day-by-day itinerary built
2026-03-03 10:31:32 [DEBUG  ] trailops.agents.assessment_agent: Generating gear recommendations…
2026-03-03 10:31:32 [INFO   ] trailops.agents.assessment.gear: Gear: generating conditions-aware gear list
2026-03-03 10:31:38 [INFO   ] trailops.agents.assessment.gear: Gear: complete — 8 items
2026-03-03 10:31:38 [INFO   ] trailops.risk_scorer: Risk Scorer: LOW (dominant: None, replanning: False)
2026-03-03 10:31:38 [DEBUG  ] trailops.agents.assessment_agent: Risk assessed: LOW  ·  main concern: none
2026-03-03 10:31:38 [DEBUG  ] trailops.orchestrator: Polishing the trip brief…
2026-03-03 10:31:38 [INFO   ] trailops.agents.brief_reviewer: Brief Reviewer: cleaning prose fields
